<?xml version="1.0" encoding="UTF-8"?>
<!-- Generated by org.testng.reporters.JUnitXMLReporter -->
<testsuite ignored="1" hostname="DESKTOP-TSHER2F" failures="1" tests="1" name="Test" time="50.457" errors="0" timestamp="2023-11-05T20:08:45 IST">
  <testcase classname="commonMethods.Testcases" name="ChatBot" time="47.39">
    <failure type="java.lang.AssertionError" message="null">
      <![CDATA[java.lang.AssertionError: null
at scripts.ChatBot.createnexa(ChatBot.java:30)
at commonMethods.Testcases.ChatBot(Testcases.java:66)
at java.base/java.util.ArrayList.forEach(ArrayList.java:1511)
... Removed 29 stack frames]]>
    </failure>
  </testcase> <!-- ChatBot -->
  <testcase classname="commonMethods.Testcases" name="ChatBot2" time="0.0">
    <ignored/>
  </testcase> <!-- ChatBot2 -->
</testsuite> <!-- Test -->
